<?xml version="1.0" encoding="UTF-8"?>
<!-- Generated by org.testng.reporters.JUnitReportReporter -->
<testsuite hostname="LAPTOP-P42MV102" failures="0" tests="1" name="pratik.ExtendReport.ExtendReport" time="5.230" errors="0" timestamp="2023-03-14T08:45:38 IST" skipped="0">
  <testcase classname="pratik.ExtendReport.ExtendReport" name="test1" time="5.230"/>
  <system-out/>
</testsuite> <!-- pratik.ExtendReport.ExtendReport -->
